#
# A fatal error has been detected by the Java Runtime Environment:
#
#  EXCEPTION_ACCESS_VIOLATION (0xc0000005) at pc=0x612f143e, pid=4252, tid=3756
#
# JRE version: 6.0_26-b03
# Java VM: Java HotSpot(TM) Client VM (20.1-b02 mixed mode, sharing windows-x86 )
# Problematic frame:
# C  [ExampleAIClient.dll+0x143e]
#
# If you would like to submit a bug report, please visit:
#   http://java.sun.com/webapps/bugreport/crash.jsp
# The crash happened outside the Java Virtual Machine in native code.
# See problematic frame for where to report the bug.
#

---------------  T H R E A D  ---------------

Current thread (0x021a9000):  JavaThread "main" [_thread_in_native, id=3756, stack(0x001f0000,0x00240000)]

siginfo: ExceptionCode=0xc0000005, reading address 0x00000000

Registers:
EAX=0x00000001, EBX=0x06bda130, ECX=0x00000000, EDX=0x001ee8b8
ESP=0x0023fc10, EBP=0x0023fc38, ESI=0x00000100, EDI=0x020c5900
EIP=0x612f143e, EFLAGS=0x00010206

Top of Stack: (sp=0x0023fc10)
0x0023fc10:   021a9000 34182910 34182910 020c58fc
0x0023fc20:   020c58f0 020c58f4 020c5900 020c58f8
0x0023fc30:   06bda130 001a9000 0023fc78 021b9fc7
0x0023fc40:   021a9128 0023fc8c 0023fc88 021b2608
0x0023fc50:   00000000 0023fcdc 0023fc58 34182910
0x0023fc60:   0023fc8c 34188bb8 00000000 34182910
0x0023fc70:   00000000 0023fc88 0023fcb0 021b2e21
0x0023fc80:   00000000 021b82e9 296cb448 296cb448 

Instructions: (pc=0x612f143e)
0x612f141e:   ec 7d 4b 61 8b 11 8b 82 1c 01 00 00 83 c4 0c ff
0x612f142e:   d0 84 c0 75 19 e8 d8 1d 01 00 8b 0d ec 7d 4b 61
0x612f143e:   8b 11 8b 82 1c 01 00 00 ff d0 84 c0 74 e7 a1 e0
0x612f144e:   7c 4b 61 8b 08 8b 91 9c 02 00 00 68 18 b6 43 61 


Register to memory mapping:

EAX=0x00000001 is an unknown value
EBX=0x06bda130 is an unknown value
ECX=0x00000000 is an unknown value
EDX=0x001ee8b8 is an unknown value
ESP=0x0023fc10 is pointing into the stack for thread: 0x021a9000
EBP=0x0023fc38 is pointing into the stack for thread: 0x021a9000
ESI=0x00000100 is an unknown value
EDI=0x020c5900 is a weak global jni handle


Stack: [0x001f0000,0x00240000],  sp=0x0023fc10,  free space=319k
Native frames: (J=compiled Java code, j=interpreted, Vv=VM code, C=native code)
C  [ExampleAIClient.dll+0x143e]  Java_eisbot_proxy_JNIBWAPI_startClient+0x1de
j  eisbot.proxy.JNIBWAPI.startClient(Leisbot/proxy/JNIBWAPI;)V+0
j  eisbot.proxy.JNIBWAPI.start()V+2
j  eisbot.proxy.ExampleAIClient.<init>()V+46
j  eisbot.proxy.ExampleAIClient.main([Ljava/lang/String;)V+3
v  ~StubRoutines::call_stub
V  [jvm.dll+0xfae4b]
V  [jvm.dll+0x18c531]
V  [jvm.dll+0xfaecd]
V  [jvm.dll+0x95846]
V  [jvm.dll+0x9d683]
C  [javaw.exe+0x2155]
C  [javaw.exe+0x8644]
C  [kernel32.dll+0x1339a]  BaseThreadInitThunk+0x12
C  [ntdll.dll+0x39ed2]  RtlInitializeExceptionChain+0x63
C  [ntdll.dll+0x39ea5]  RtlInitializeExceptionChain+0x36

Java frames: (J=compiled Java code, j=interpreted, Vv=VM code)
j  eisbot.proxy.JNIBWAPI.startClient(Leisbot/proxy/JNIBWAPI;)V+0
j  eisbot.proxy.JNIBWAPI.start()V+2
j  eisbot.proxy.ExampleAIClient.<init>()V+46
j  eisbot.proxy.ExampleAIClient.main([Ljava/lang/String;)V+3
v  ~StubRoutines::call_stub

---------------  P R O C E S S  ---------------

Java Threads: ( => current thread )
  0x0212f000 JavaThread "Low Memory Detector" daemon [_thread_blocked, id=5044, stack(0x045c0000,0x04610000)]
  0x0211ac00 JavaThread "C1 CompilerThread0" daemon [_thread_blocked, id=2312, stack(0x04530000,0x04580000)]
  0x02119c00 JavaThread "Attach Listener" daemon [_thread_blocked, id=4752, stack(0x044a0000,0x044f0000)]
  0x02116c00 JavaThread "Signal Dispatcher" daemon [_thread_blocked, id=1092, stack(0x04410000,0x04460000)]
  0x02111800 JavaThread "Finalizer" daemon [_thread_blocked, id=1888, stack(0x04380000,0x043d0000)]
  0x0210cc00 JavaThread "Reference Handler" daemon [_thread_blocked, id=4732, stack(0x042f0000,0x04340000)]
=>0x021a9000 JavaThread "main" [_thread_in_native, id=3756, stack(0x001f0000,0x00240000)]

Other Threads:
  0x020d0400 VMThread [stack: 0x04260000,0x042b0000] [id=2108]
  0x02130400 WatcherThread [stack: 0x04650000,0x046a0000] [id=4280]

VM state:not at safepoint (normal execution)

VM Mutex/Monitor currently owned by a thread: None

Heap
 def new generation   total 4928K, used 3353K [0x24160000, 0x246b0000, 0x296b0000)
  eden space 4416K,  75% used [0x24160000, 0x244a62f8, 0x245b0000)
  from space 512K,   0% used [0x24630000, 0x246302e0, 0x246b0000)
  to   space 512K,   0% used [0x245b0000, 0x245b0000, 0x24630000)
 tenured generation   total 10944K, used 972K [0x296b0000, 0x2a160000, 0x34160000)
   the space 10944K,   8% used [0x296b0000, 0x297a31a8, 0x297a3200, 0x2a160000)
 compacting perm gen  total 12288K, used 262K [0x34160000, 0x34d60000, 0x38160000)
   the space 12288K,   2% used [0x34160000, 0x341a1a28, 0x341a1c00, 0x34d60000)
    ro space 10240K,  51% used [0x38160000, 0x3868dff8, 0x3868e000, 0x38b60000)
    rw space 12288K,  55% used [0x38b60000, 0x391fc208, 0x391fc400, 0x39760000)

Code Cache  [0x021b0000, 0x02260000, 0x041b0000)
 total_blobs=282 nmethods=157 adapters=61 free_code_cache=32842944 largest_free_block=0

Dynamic libraries:
0x00400000 - 0x00424000 	C:\Program Files (x86)\Java\jre6\bin\javaw.exe
0x77980000 - 0x77b00000 	C:\Windows\SysWOW64\ntdll.dll
0x755d0000 - 0x756e0000 	C:\Windows\syswow64\kernel32.dll
0x77530000 - 0x77576000 	C:\Windows\syswow64\KERNELBASE.dll
0x77480000 - 0x77520000 	C:\Windows\syswow64\ADVAPI32.dll
0x75840000 - 0x758ec000 	C:\Windows\syswow64\msvcrt.dll
0x75d00000 - 0x75d19000 	C:\Windows\SysWOW64\sechost.dll
0x764f0000 - 0x765e0000 	C:\Windows\syswow64\RPCRT4.dll
0x754e0000 - 0x75540000 	C:\Windows\syswow64\SspiCli.dll
0x754d0000 - 0x754dc000 	C:\Windows\syswow64\CRYPTBASE.dll
0x75d20000 - 0x75e20000 	C:\Windows\syswow64\USER32.dll
0x763f0000 - 0x76480000 	C:\Windows\syswow64\GDI32.dll
0x77950000 - 0x7795a000 	C:\Windows\syswow64\LPK.dll
0x75b60000 - 0x75bfd000 	C:\Windows\syswow64\USP10.dll
0x75b00000 - 0x75b60000 	C:\Windows\system32\IMM32.DLL
0x76320000 - 0x763ec000 	C:\Windows\syswow64\MSCTF.dll
0x7c340000 - 0x7c396000 	C:\Program Files (x86)\Java\jre6\bin\msvcr71.dll
0x6d7f0000 - 0x6da9f000 	C:\Program Files (x86)\Java\jre6\bin\client\jvm.dll
0x750d0000 - 0x75102000 	C:\Windows\system32\WINMM.dll
0x732b0000 - 0x732fc000 	C:\Windows\system32\apphelp.dll
0x6d7a0000 - 0x6d7ac000 	C:\Program Files (x86)\Java\jre6\bin\verify.dll
0x6d320000 - 0x6d33f000 	C:\Program Files (x86)\Java\jre6\bin\java.dll
0x76310000 - 0x76315000 	C:\Windows\system32\PSAPI.DLL
0x6d7e0000 - 0x6d7ef000 	C:\Program Files (x86)\Java\jre6\bin\zip.dll
0x612f0000 - 0x614d1000 	C:\Users\itay\IdeaProjects\huji\src\ExampleAIClient.dll
0x10000000 - 0x1002b000 	C:\Windows\gmp-vc90-mt.dll
0x74050000 - 0x740f3000 	C:\Windows\WinSxS\x86_microsoft.vc90.crt_1fc8b3b9a1e18e3b_9.0.30729.6161_none_50934f2ebcb7eb57\MSVCR90.dll
0x734d0000 - 0x7355e000 	C:\Windows\WinSxS\x86_microsoft.vc90.crt_1fc8b3b9a1e18e3b_9.0.30729.6161_none_50934f2ebcb7eb57\MSVCP90.dll
0x046b0000 - 0x046f1000 	C:\Windows\mpfr-vc90-mt.dll

VM Arguments:
java_command: C:\Users\itay\IdeaProjects\huji\src\ExampleAIClient.jar
Launcher Type: SUN_STANDARD

Environment Variables:
JAVA_HOME=C:\Program Files (x86)\Java\jdk1.6.0_24
CLASSPATH=.;C:\Program Files (x86)\Java\jre6\lib\ext\QTJava.zip
PATH=C:\Windows\system32;C:\Windows;C:\Windows\System32\Wbem;C:\Windows\System32\WindowsPowerShell\v1.0\;C:\Program Files (x86)\Java\jdk1.6.0_24\bin;C:\Program Files (x86)\Common Files\Roxio Shared\DLLShared\;C:\Program Files (x86)\Common Files\Roxio Shared\10.0\DLLShared\;C:\Program Files\MATLAB\R2008b\bin;C:\Program Files\MATLAB\R2008b\bin\win64;C:\Program Files\TortoiseSVN\bin;C:\Program Files (x86)\QuickTime\QTSystem\;C:\Program Files (x86)\apache-ant-1.8.2\bin;C:\Users\itay\IdeaProjects\undermind\release
USERNAME=itay
OS=Windows_NT
PROCESSOR_IDENTIFIER=Intel64 Family 6 Model 23 Stepping 10, GenuineIntel



---------------  S Y S T E M  ---------------

OS: Windows 7 Build 7601 Service Pack 1

CPU:total 2 (2 cores per cpu, 1 threads per core) family 6 model 23 stepping 10, cmov, cx8, fxsr, mmx, sse, sse2, sse3, ssse3, sse4.1

Memory: 4k page, physical 4152176k(1823348k free), swap 8302504k(5418332k free)

vm_info: Java HotSpot(TM) Client VM (20.1-b02) for windows-x86 JRE (1.6.0_26-b03), built on May  4 2011 00:50:59 by "java_re" with MS VC++ 7.1 (VS2003)

time: Sun Jul 17 14:39:44 2011
elapsed time: 1769 seconds

